15:52:54 **** Build of configuration Default for project Lab1-Buttons ****
xmake CONFIG=Default all 
Checking build modules
No build modules used.
Analyzing main.xc
../main.xc:59:1: warning: control reaches end of non-void function [-Wreturn-type]
}
^
../main.xc:78:1: warning: control reaches end of non-void function [-Wreturn-type]
}
^
Analyzing Lab1-Buttons.xc
Propagating analysis
Creating dependencies for Lab1-Buttons.xc
Creating dependencies for main.xc
Compiling main.xc
../main.xc:59:1: warning: control reaches end of non-void function [-Wreturn-type]
}
^
../main.xc:78:1: warning: control reaches end of non-void function [-Wreturn-type]
}
^
Compiling Lab1-Buttons.xc
Creating Lab1-Buttons.xe
Build Complete

15:52:56 Build Finished (took 2s.794ms)

